<?xml version="1.0" encoding="UTF-8"?>
<!-- Generated by org.testng.reporters.JUnitXMLReporter -->
<testsuite hostname="HW0870" name="Default test" tests="5" failures="0" timestamp="23 Jun 2017 09:38:27 GMT" time="0.026" errors="0">
  <testcase name="@BeforeTest first" time="0.0" classname="com.FordFoundation.Fluxx.Flux_Testcases_Sample">
    <failure type="org.testng.TestNGException" message="
Parameter &amp;apos;view&amp;apos; is required by @Configuration on method first but has not been marked @Optional or defined
in C:\Users\IN01740\AppData\Local\Temp\testng-eclipse--747039380\testng-customsuite.xml">
      <![CDATA[org.testng.TestNGException: 
Parameter 'view' is required by @Configuration on method first but has not been marked @Optional or defined
in C:\Users\IN01740\AppData\Local\Temp\testng-eclipse--747039380\testng-customsuite.xml
	at org.testng.internal.Parameters.createParameters(Parameters.java:155)
	at org.testng.internal.Parameters.createParameters(Parameters.java:358)
	at org.testng.internal.Parameters.createConfigurationParameters(Parameters.java:86)
	at org.testng.internal.Invoker.invokeConfigurations(Invoker.java:199)
	at org.testng.internal.Invoker.invokeConfigurations(Invoker.java:138)
	at org.testng.TestRunner.beforeRun(TestRunner.java:641)
	at org.testng.TestRunner.run(TestRunner.java:609)
	at org.testng.SuiteRunner.runTest(SuiteRunner.java:334)
	at org.testng.SuiteRunner.runSequentially(SuiteRunner.java:329)
	at org.testng.SuiteRunner.privateRun(SuiteRunner.java:291)
	at org.testng.SuiteRunner.run(SuiteRunner.java:240)
	at org.testng.SuiteRunnerWorker.runSuite(SuiteRunnerWorker.java:52)
	at org.testng.SuiteRunnerWorker.run(SuiteRunnerWorker.java:86)
	at org.testng.TestNG.runSuitesSequentially(TestNG.java:1224)
	at org.testng.TestNG.runSuitesLocally(TestNG.java:1149)
	at org.testng.TestNG.run(TestNG.java:1057)
	at org.testng.remote.RemoteTestNG.run(RemoteTestNG.java:111)
	at org.testng.remote.RemoteTestNG.initAndRun(RemoteTestNG.java:204)
	at org.testng.remote.RemoteTestNG.main(RemoteTestNG.java:175)
]]>
    </failure>
  </testcase> <!-- @BeforeTest first -->
  <testcase name="@BeforeClass first" time="0.0" classname="com.FordFoundation.Fluxx.Flux_Testcases_Sample">
    <skipped/>
  </testcase> <!-- @BeforeClass first -->
  <testcase name="@AfterClass close" time="0.0" classname="com.FordFoundation.Fluxx.Flux_Testcases_Sample">
    <failure type="org.testng.TestNGException" message="
Parameter &amp;apos;browser&amp;apos; is required by @Configuration on method close but has not been marked @Optional or defined
in C:\Users\IN01740\AppData\Local\Temp\testng-eclipse--747039380\testng-customsuite.xml">
      <![CDATA[org.testng.TestNGException: 
Parameter 'browser' is required by @Configuration on method close but has not been marked @Optional or defined
in C:\Users\IN01740\AppData\Local\Temp\testng-eclipse--747039380\testng-customsuite.xml
	at org.testng.internal.Parameters.createParameters(Parameters.java:155)
	at org.testng.internal.Parameters.createParameters(Parameters.java:358)
	at org.testng.internal.Parameters.createConfigurationParameters(Parameters.java:86)
	at org.testng.internal.Invoker.invokeConfigurations(Invoker.java:199)
	at org.testng.internal.Invoker.invokeConfigurations(Invoker.java:138)
	at org.testng.internal.TestMethodWorker.invokeAfterClassMethods(TestMethodWorker.java:225)
	at org.testng.internal.TestMethodWorker.run(TestMethodWorker.java:114)
	at org.testng.TestRunner.privateRun(TestRunner.java:767)
	at org.testng.TestRunner.run(TestRunner.java:617)
	at org.testng.SuiteRunner.runTest(SuiteRunner.java:334)
	at org.testng.SuiteRunner.runSequentially(SuiteRunner.java:329)
	at org.testng.SuiteRunner.privateRun(SuiteRunner.java:291)
	at org.testng.SuiteRunner.run(SuiteRunner.java:240)
	at org.testng.SuiteRunnerWorker.runSuite(SuiteRunnerWorker.java:52)
	at org.testng.SuiteRunnerWorker.run(SuiteRunnerWorker.java:86)
	at org.testng.TestNG.runSuitesSequentially(TestNG.java:1224)
	at org.testng.TestNG.runSuitesLocally(TestNG.java:1149)
	at org.testng.TestNG.run(TestNG.java:1057)
	at org.testng.remote.RemoteTestNG.run(RemoteTestNG.java:111)
	at org.testng.remote.RemoteTestNG.initAndRun(RemoteTestNG.java:204)
	at org.testng.remote.RemoteTestNG.main(RemoteTestNG.java:175)
]]>
    </failure>
  </testcase> <!-- @AfterClass close -->
  <testcase name="@AfterTest first1" time="0.0" classname="com.FordFoundation.Fluxx.Flux_Testcases_Sample">
    <failure type="org.testng.TestNGException" message="
Parameter &amp;apos;browser&amp;apos; is required by @Configuration on method first1 but has not been marked @Optional or defined
in C:\Users\IN01740\AppData\Local\Temp\testng-eclipse--747039380\testng-customsuite.xml">
      <![CDATA[org.testng.TestNGException: 
Parameter 'browser' is required by @Configuration on method first1 but has not been marked @Optional or defined
in C:\Users\IN01740\AppData\Local\Temp\testng-eclipse--747039380\testng-customsuite.xml
	at org.testng.internal.Parameters.createParameters(Parameters.java:155)
	at org.testng.internal.Parameters.createParameters(Parameters.java:358)
	at org.testng.internal.Parameters.createConfigurationParameters(Parameters.java:86)
	at org.testng.internal.Invoker.invokeConfigurations(Invoker.java:199)
	at org.testng.internal.Invoker.invokeConfigurations(Invoker.java:138)
	at org.testng.TestRunner.afterRun(TestRunner.java:1014)
	at org.testng.TestRunner.run(TestRunner.java:621)
	at org.testng.SuiteRunner.runTest(SuiteRunner.java:334)
	at org.testng.SuiteRunner.runSequentially(SuiteRunner.java:329)
	at org.testng.SuiteRunner.privateRun(SuiteRunner.java:291)
	at org.testng.SuiteRunner.run(SuiteRunner.java:240)
	at org.testng.SuiteRunnerWorker.runSuite(SuiteRunnerWorker.java:52)
	at org.testng.SuiteRunnerWorker.run(SuiteRunnerWorker.java:86)
	at org.testng.TestNG.runSuitesSequentially(TestNG.java:1224)
	at org.testng.TestNG.runSuitesLocally(TestNG.java:1149)
	at org.testng.TestNG.run(TestNG.java:1057)
	at org.testng.remote.RemoteTestNG.run(RemoteTestNG.java:111)
	at org.testng.remote.RemoteTestNG.initAndRun(RemoteTestNG.java:204)
	at org.testng.remote.RemoteTestNG.main(RemoteTestNG.java:175)
]]>
    </failure>
  </testcase> <!-- @AfterTest first1 -->
  <testcase name="Create_NewOrg_PO" time="0.001" classname="com.FordFoundation.Fluxx.Flux_Testcases_Sample">
    <skipped/>
  </testcase> <!-- Create_NewOrg_PO -->
  <testcase name="launchford_SuperUser" time="0.0" classname="com.FordFoundation.Fluxx.Flux_Testcases_Sample">
    <skipped/>
  </testcase> <!-- launchford_SuperUser -->
  <testcase name="Grantee_formfilling" time="0.0" classname="com.FordFoundation.Fluxx.Flux_Testcases_Sample">
    <skipped/>
  </testcase> <!-- Grantee_formfilling -->
  <testcase name="launchflux_grantsManager" time="0.001" classname="com.FordFoundation.Fluxx.Flux_Testcases_Sample">
    <skipped/>
  </testcase> <!-- launchflux_grantsManager -->
  <testcase name="launchflux_GPU" time="0.0" classname="com.FordFoundation.Fluxx.Flux_Testcases_Sample">
    <skipped/>
  </testcase> <!-- launchflux_GPU -->
</testsuite> <!-- Default test -->
